running egg_info
creating ../../build/turtle_on_land_demo/turtle_on_land_demo.egg-info
writing ../../build/turtle_on_land_demo/turtle_on_land_demo.egg-info/PKG-INFO
writing dependency_links to ../../build/turtle_on_land_demo/turtle_on_land_demo.egg-info/dependency_links.txt
writing requirements to ../../build/turtle_on_land_demo/turtle_on_land_demo.egg-info/requires.txt
writing top-level names to ../../build/turtle_on_land_demo/turtle_on_land_demo.egg-info/top_level.txt
writing manifest file '../../build/turtle_on_land_demo/turtle_on_land_demo.egg-info/SOURCES.txt'
reading manifest file '../../build/turtle_on_land_demo/turtle_on_land_demo.egg-info/SOURCES.txt'
writing manifest file '../../build/turtle_on_land_demo/turtle_on_land_demo.egg-info/SOURCES.txt'
running build
running build_py
creating /home/turtle_on_land/tutorial_ws/build/turtle_on_land_demo/build
creating /home/turtle_on_land/tutorial_ws/build/turtle_on_land_demo/build/lib
creating /home/turtle_on_land/tutorial_ws/build/turtle_on_land_demo/build/lib/turtle_on_land_demo
copying turtle_on_land_demo/__init__.py -> /home/turtle_on_land/tutorial_ws/build/turtle_on_land_demo/build/lib/turtle_on_land_demo
running install
running install_lib
creating /home/turtle_on_land/tutorial_ws/install/turtle_on_land_demo/lib/python3.12/site-packages/turtle_on_land_demo
copying /home/turtle_on_land/tutorial_ws/build/turtle_on_land_demo/build/lib/turtle_on_land_demo/__init__.py -> /home/turtle_on_land/tutorial_ws/install/turtle_on_land_demo/lib/python3.12/site-packages/turtle_on_land_demo
byte-compiling /home/turtle_on_land/tutorial_ws/install/turtle_on_land_demo/lib/python3.12/site-packages/turtle_on_land_demo/__init__.py to __init__.cpython-312.pyc
running install_data
creating /home/turtle_on_land/tutorial_ws/install/turtle_on_land_demo/share/ament_index
creating /home/turtle_on_land/tutorial_ws/install/turtle_on_land_demo/share/ament_index/resource_index
creating /home/turtle_on_land/tutorial_ws/install/turtle_on_land_demo/share/ament_index/resource_index/packages
copying resource/turtle_on_land_demo -> /home/turtle_on_land/tutorial_ws/install/turtle_on_land_demo/share/ament_index/resource_index/packages
copying package.xml -> /home/turtle_on_land/tutorial_ws/install/turtle_on_land_demo/share/turtle_on_land_demo
copying launch/launchc.py -> /home/turtle_on_land/tutorial_ws/install/turtle_on_land_demo/share/turtle_on_land_demo
copying launch/launchc (Copy).py -> /home/turtle_on_land/tutorial_ws/install/turtle_on_land_demo/share/turtle_on_land_demo
copying launch/launch.py -> /home/turtle_on_land/tutorial_ws/install/turtle_on_land_demo/share/turtle_on_land_demo
creating /home/turtle_on_land/tutorial_ws/install/turtle_on_land_demo/share/turtle_on_land_demo/urdf
copying urdf/URDF1 (Copy).urdf -> /home/turtle_on_land/tutorial_ws/install/turtle_on_land_demo/share/turtle_on_land_demo/urdf/
copying urdf/URDF1.sdf -> /home/turtle_on_land/tutorial_ws/install/turtle_on_land_demo/share/turtle_on_land_demo/urdf/
copying urdf/turtle_gazebo.config -> /home/turtle_on_land/tutorial_ws/install/turtle_on_land_demo/share/turtle_on_land_demo/urdf/
copying urdf/URDF1.iur -> /home/turtle_on_land/tutorial_ws/install/turtle_on_land_demo/share/turtle_on_land_demo/urdf/
copying urdf/URDF1.urdf -> /home/turtle_on_land/tutorial_ws/install/turtle_on_land_demo/share/turtle_on_land_demo/urdf/
copying urdf/SANDY_TERRAINII.dae -> /home/turtle_on_land/tutorial_ws/install/turtle_on_land_demo/share/turtle_on_land_demo/urdf/
copying urdf/URDF1.pdf -> /home/turtle_on_land/tutorial_ws/install/turtle_on_land_demo/share/turtle_on_land_demo/urdf/
copying urdf/URDF1.gv -> /home/turtle_on_land/tutorial_ws/install/turtle_on_land_demo/share/turtle_on_land_demo/urdf/
creating /home/turtle_on_land/tutorial_ws/install/turtle_on_land_demo/share/turtle_on_land_demo/rviz
copying rviz/turtle.rviz -> /home/turtle_on_land/tutorial_ws/install/turtle_on_land_demo/share/turtle_on_land_demo/rviz/
copying rviz/robot.rviz -> /home/turtle_on_land/tutorial_ws/install/turtle_on_land_demo/share/turtle_on_land_demo/rviz/
creating /home/turtle_on_land/tutorial_ws/install/turtle_on_land_demo/share/turtle_on_land_demo/config
copying config/joint_controllers.yaml -> /home/turtle_on_land/tutorial_ws/install/turtle_on_land_demo/share/turtle_on_land_demo/config/
copying config/ros2_control.xacro -> /home/turtle_on_land/tutorial_ws/install/turtle_on_land_demo/share/turtle_on_land_demo/config/
copying config/velocity_publisher.cpp -> /home/turtle_on_land/tutorial_ws/install/turtle_on_land_demo/share/turtle_on_land_demo/config/
creating /home/turtle_on_land/tutorial_ws/install/turtle_on_land_demo/share/turtle_on_land_demo/meshes
creating /home/turtle_on_land/tutorial_ws/install/turtle_on_land_demo/share/turtle_on_land_demo/meshes/collision
copying meshes/collision/Front_right1.STL -> /home/turtle_on_land/tutorial_ws/install/turtle_on_land_demo/share/turtle_on_land_demo/meshes/collision/
copying meshes/collision/Back_right2.STL -> /home/turtle_on_land/tutorial_ws/install/turtle_on_land_demo/share/turtle_on_land_demo/meshes/collision/
copying meshes/collision/Front_left2.STL -> /home/turtle_on_land/tutorial_ws/install/turtle_on_land_demo/share/turtle_on_land_demo/meshes/collision/
copying meshes/collision/Back_right1.STL -> /home/turtle_on_land/tutorial_ws/install/turtle_on_land_demo/share/turtle_on_land_demo/meshes/collision/
copying meshes/collision/Front_left1.STL -> /home/turtle_on_land/tutorial_ws/install/turtle_on_land_demo/share/turtle_on_land_demo/meshes/collision/
copying meshes/collision/Back_left2.STL -> /home/turtle_on_land/tutorial_ws/install/turtle_on_land_demo/share/turtle_on_land_demo/meshes/collision/
copying meshes/collision/Back_left1.STL -> /home/turtle_on_land/tutorial_ws/install/turtle_on_land_demo/share/turtle_on_land_demo/meshes/collision/
copying meshes/collision/Front_right2.STL -> /home/turtle_on_land/tutorial_ws/install/turtle_on_land_demo/share/turtle_on_land_demo/meshes/collision/
copying meshes/collision/base_link.STL -> /home/turtle_on_land/tutorial_ws/install/turtle_on_land_demo/share/turtle_on_land_demo/meshes/collision/
creating /home/turtle_on_land/tutorial_ws/install/turtle_on_land_demo/share/turtle_on_land_demo/meshes/visual
copying meshes/visual/Front_right1.STL -> /home/turtle_on_land/tutorial_ws/install/turtle_on_land_demo/share/turtle_on_land_demo/meshes/visual/
copying meshes/visual/Back_right2.STL -> /home/turtle_on_land/tutorial_ws/install/turtle_on_land_demo/share/turtle_on_land_demo/meshes/visual/
copying meshes/visual/Front_left2.STL -> /home/turtle_on_land/tutorial_ws/install/turtle_on_land_demo/share/turtle_on_land_demo/meshes/visual/
copying meshes/visual/Back_right1.STL -> /home/turtle_on_land/tutorial_ws/install/turtle_on_land_demo/share/turtle_on_land_demo/meshes/visual/
copying meshes/visual/Front_left1.STL -> /home/turtle_on_land/tutorial_ws/install/turtle_on_land_demo/share/turtle_on_land_demo/meshes/visual/
copying meshes/visual/Back_left2.STL -> /home/turtle_on_land/tutorial_ws/install/turtle_on_land_demo/share/turtle_on_land_demo/meshes/visual/
copying meshes/visual/Back_left1.STL -> /home/turtle_on_land/tutorial_ws/install/turtle_on_land_demo/share/turtle_on_land_demo/meshes/visual/
copying meshes/visual/Front_right2.STL -> /home/turtle_on_land/tutorial_ws/install/turtle_on_land_demo/share/turtle_on_land_demo/meshes/visual/
copying meshes/visual/base_link.STL -> /home/turtle_on_land/tutorial_ws/install/turtle_on_land_demo/share/turtle_on_land_demo/meshes/visual/
running install_egg_info
Copying ../../build/turtle_on_land_demo/turtle_on_land_demo.egg-info to /home/turtle_on_land/tutorial_ws/install/turtle_on_land_demo/lib/python3.12/site-packages/turtle_on_land_demo-0.0.0-py3.12.egg-info
running install_scripts
writing list of installed files to '/home/turtle_on_land/tutorial_ws/build/turtle_on_land_demo/install.log'
