[0.940s] Invoking command in '/home/turtle_on_land/tutorial_ws/src/turtle_on_land_demo': DEBUGINFOD_URLS=https://debuginfod.ubuntu.com PYTHONPATH=/home/turtle_on_land/tutorial_ws/build/turtle_on_land_demo/prefix_override:/usr/lib/python3/dist-packages/colcon_core/task/python/colcon_distutils_commands:/home/turtle_on_land/tutorial_ws/install/turtle_on_land_demo/lib/python3.12/site-packages:${PYTHONPATH} /usr/bin/python3 -W ignore:setup.py install is deprecated setup.py egg_info --egg-base ../../build/turtle_on_land_demo build --build-base /home/turtle_on_land/tutorial_ws/build/turtle_on_land_demo/build install --record /home/turtle_on_land/tutorial_ws/build/turtle_on_land_demo/install.log --single-version-externally-managed install_data
[1.241s] running egg_info
[1.264s] writing ../../build/turtle_on_land_demo/turtle_on_land_demo.egg-info/PKG-INFO
[1.264s] writing dependency_links to ../../build/turtle_on_land_demo/turtle_on_land_demo.egg-info/dependency_links.txt
[1.265s] writing requirements to ../../build/turtle_on_land_demo/turtle_on_land_demo.egg-info/requires.txt
[1.265s] writing top-level names to ../../build/turtle_on_land_demo/turtle_on_land_demo.egg-info/top_level.txt
[1.315s] reading manifest file '../../build/turtle_on_land_demo/turtle_on_land_demo.egg-info/SOURCES.txt'
[1.316s] writing manifest file '../../build/turtle_on_land_demo/turtle_on_land_demo.egg-info/SOURCES.txt'
[1.316s] running build
[1.316s] running build_py
[1.316s] running install
[1.323s] running install_lib
[1.347s] running install_data
[1.347s] copying launch/Tlaunch.py -> /home/turtle_on_land/tutorial_ws/install/turtle_on_land_demo/share/turtle_on_land_demo
[1.348s] running install_egg_info
[1.374s] removing '/home/turtle_on_land/tutorial_ws/install/turtle_on_land_demo/lib/python3.12/site-packages/turtle_on_land_demo-0.0.0-py3.12.egg-info' (and everything under it)
[1.375s] Copying ../../build/turtle_on_land_demo/turtle_on_land_demo.egg-info to /home/turtle_on_land/tutorial_ws/install/turtle_on_land_demo/lib/python3.12/site-packages/turtle_on_land_demo-0.0.0-py3.12.egg-info
[1.376s] running install_scripts
[1.543s] writing list of installed files to '/home/turtle_on_land/tutorial_ws/build/turtle_on_land_demo/install.log'
[1.570s] Invoked command in '/home/turtle_on_land/tutorial_ws/src/turtle_on_land_demo' returned '0': DEBUGINFOD_URLS=https://debuginfod.ubuntu.com PYTHONPATH=/home/turtle_on_land/tutorial_ws/build/turtle_on_land_demo/prefix_override:/usr/lib/python3/dist-packages/colcon_core/task/python/colcon_distutils_commands:/home/turtle_on_land/tutorial_ws/install/turtle_on_land_demo/lib/python3.12/site-packages:${PYTHONPATH} /usr/bin/python3 -W ignore:setup.py install is deprecated setup.py egg_info --egg-base ../../build/turtle_on_land_demo build --build-base /home/turtle_on_land/tutorial_ws/build/turtle_on_land_demo/build install --record /home/turtle_on_land/tutorial_ws/build/turtle_on_land_demo/install.log --single-version-externally-managed install_data
