[1.578s] Invoking command in '/home/turtle_on_land/tutorial_ws/src/turtle_on_land_demo': DEBUGINFOD_URLS=https://debuginfod.ubuntu.com PYTHONPATH=/home/turtle_on_land/tutorial_ws/build/turtle_on_land_demo/prefix_override:/usr/lib/python3/dist-packages/colcon_core/task/python/colcon_distutils_commands:/home/turtle_on_land/tutorial_ws/install/turtle_on_land_demo/lib/python3.12/site-packages:${PYTHONPATH} /usr/bin/python3 -W ignore:setup.py install is deprecated setup.py egg_info --egg-base ../../build/turtle_on_land_demo build --build-base /home/turtle_on_land/tutorial_ws/build/turtle_on_land_demo/build install --record /home/turtle_on_land/tutorial_ws/build/turtle_on_land_demo/install.log --single-version-externally-managed install_data
[1.890s] running egg_info
[1.915s] writing ../../build/turtle_on_land_demo/turtle_on_land_demo.egg-info/PKG-INFO
[1.915s] writing dependency_links to ../../build/turtle_on_land_demo/turtle_on_land_demo.egg-info/dependency_links.txt
[1.915s] writing requirements to ../../build/turtle_on_land_demo/turtle_on_land_demo.egg-info/requires.txt
[1.916s] writing top-level names to ../../build/turtle_on_land_demo/turtle_on_land_demo.egg-info/top_level.txt
[1.964s] reading manifest file '../../build/turtle_on_land_demo/turtle_on_land_demo.egg-info/SOURCES.txt'
[1.965s] writing manifest file '../../build/turtle_on_land_demo/turtle_on_land_demo.egg-info/SOURCES.txt'
[1.966s] running build
[1.966s] running build_py
[1.966s] running install
[1.972s] running install_lib
[1.998s] running install_data
[1.998s] copying package.xml -> /home/turtle_on_land/tutorial_ws/install/turtle_on_land_demo/share/turtle_on_land_demo
[1.998s] copying launch/Tlaunch.py -> /home/turtle_on_land/tutorial_ws/install/turtle_on_land_demo/share/turtle_on_land_demo
[1.999s] copying config/joint_controllers.yaml -> /home/turtle_on_land/tutorial_ws/install/turtle_on_land_demo/share/turtle_on_land_demo/config/
[1.999s] copying config/velocity_publisher.cpp -> /home/turtle_on_land/tutorial_ws/install/turtle_on_land_demo/share/turtle_on_land_demo/config/
[2.000s] running install_egg_info
[2.026s] removing '/home/turtle_on_land/tutorial_ws/install/turtle_on_land_demo/lib/python3.12/site-packages/turtle_on_land_demo-0.0.0-py3.12.egg-info' (and everything under it)
[2.026s] Copying ../../build/turtle_on_land_demo/turtle_on_land_demo.egg-info to /home/turtle_on_land/tutorial_ws/install/turtle_on_land_demo/lib/python3.12/site-packages/turtle_on_land_demo-0.0.0-py3.12.egg-info
[2.027s] running install_scripts
[2.184s] writing list of installed files to '/home/turtle_on_land/tutorial_ws/build/turtle_on_land_demo/install.log'
[2.216s] Invoked command in '/home/turtle_on_land/tutorial_ws/src/turtle_on_land_demo' returned '0': DEBUGINFOD_URLS=https://debuginfod.ubuntu.com PYTHONPATH=/home/turtle_on_land/tutorial_ws/build/turtle_on_land_demo/prefix_override:/usr/lib/python3/dist-packages/colcon_core/task/python/colcon_distutils_commands:/home/turtle_on_land/tutorial_ws/install/turtle_on_land_demo/lib/python3.12/site-packages:${PYTHONPATH} /usr/bin/python3 -W ignore:setup.py install is deprecated setup.py egg_info --egg-base ../../build/turtle_on_land_demo build --build-base /home/turtle_on_land/tutorial_ws/build/turtle_on_land_demo/build install --record /home/turtle_on_land/tutorial_ws/build/turtle_on_land_demo/install.log --single-version-externally-managed install_data
